0 info it worked if it ends with ok
1 verbose cli [ 'node', '/usr/local/bin/npm', 'publish', './' ]
2 info using npm@1.2.24
3 info using node@v0.10.8
4 verbose publish [ './' ]
5 verbose read json /home/nighca/code/qiyi/tools/iqiyi/package.json
6 warn package.json iqiyi@0.0.1 No repository field.
7 verbose cache add [ './', null ]
8 verbose cache add name=undefined spec="./" args=["./",null]
9 verbose parsed url { protocol: null,
9 verbose parsed url   slashes: null,
9 verbose parsed url   auth: null,
9 verbose parsed url   host: null,
9 verbose parsed url   port: null,
9 verbose parsed url   hostname: null,
9 verbose parsed url   hash: null,
9 verbose parsed url   search: null,
9 verbose parsed url   query: null,
9 verbose parsed url   pathname: './',
9 verbose parsed url   path: './',
9 verbose parsed url   href: './' }
10 silly lockFile 0ee6c175- ./
11 verbose lock ./ /home/nighca/.npm/0ee6c175-.lock
12 silly lockFile 0ee6c175- ./
13 error addLocal Could not install ./
14 error Error: EACCES, open '/home/nighca/.npm/0ee6c175-.lock'
14 error  { [Error: EACCES, open '/home/nighca/.npm/0ee6c175-.lock']
14 error   errno: 3,
14 error   code: 'EACCES',
14 error   path: '/home/nighca/.npm/0ee6c175-.lock' }
15 error Please try running this command again as root/Administrator.
16 error System Linux 3.5.0-31-generic
17 error command "node" "/usr/local/bin/npm" "publish" "./"
18 error cwd /home/nighca/code/qiyi/tools/iqiyi
19 error node -v v0.10.8
20 error npm -v 1.2.24
21 error path /home/nighca/.npm/0ee6c175-.lock
22 error code EACCES
23 error errno 3
24 error stack Error: EACCES, open '/home/nighca/.npm/0ee6c175-.lock'
25 verbose exit [ 3, true ]
